GIT_HASH: a036d46
[1m============================= test session starts ==============================[0m
platform linux -- Python 3.6.5, pytest-5.3.2, py-1.8.1, pluggy-0.13.1
rootdir: /workdir
plugins: cov-2.8.1
collected 3 items

tests/core/test_default_tokenizer.py [32m.[0m[32m.[0m[32m.[0m[32m                                 [100%][0m

----------- coverage: platform linux, python 3.6.5-final-0 -----------
Name                              Stmts   Miss  Cover   Missing
---------------------------------------------------------------
latok/__init__.py                     3      0   100%
latok/core/__init__.py                0      0   100%
latok/core/constants.py              27      0   100%
latok/core/default_tokenizer.py     153     13    92%   364, 370, 375, 382, 385, 395-396, 400, 409, 426, 437, 466-468
latok/core/latok_utils.py           110     18    84%   17, 56, 129, 135, 141, 194, 245-250, 252-257
latok/core/offsets.py                66      0   100%
---------------------------------------------------------------
TOTAL                               359     31    91%

[32mRequired test coverage of 40% reached. Total coverage: 91.36%
[0m
========================== slowest 10 test durations ===========================

(0.00 durations hidden.  Use -vv to show these durations.)
[32m============================== [32m[1m3 passed[0m[32m in 1.76s[0m[32m ===============================[0m
