GIT_HASH:
[1m============================= test session starts ==============================[0m
platform linux -- Python 3.6.8, pytest-4.4.0, py-1.8.0, pluggy-0.9.0
rootdir: /workdir
plugins: cov-2.6.1
collected 1 item

tests/core/test_default_tokenizer.py [32m.[0m[36m                                   [100%][0m

----------- coverage: platform linux, python 3.6.8-final-0 -----------
Name                              Stmts   Miss  Cover   Missing
---------------------------------------------------------------
latok/__init__.py                     3      0   100%
latok/core/__init__.py                0      0   100%
latok/core/default_tokenizer.py      84     13    85%   214, 258-272
latok/core/latok_utils.py           108     17    84%   16, 55, 122, 128, 181, 232-237, 239-244
latok/core/offsets.py                48      0   100%
---------------------------------------------------------------
TOTAL                               243     30    88%

[32mRequired test coverage of 40% reached. Total coverage: 87.65%
[0m
========================== slowest 10 test durations ===========================

(0.00 durations hidden.  Use -vv to show these durations.)
[32m[1m=========================== 1 passed in 0.64 seconds ===========================[0m
