GIT_HASH: 50188de
[1m============================= test session starts ==============================[0m
platform linux -- Python 3.6.8, pytest-5.3.2, py-1.8.1, pluggy-0.13.1
rootdir: /workdir
plugins: cov-2.8.1
collected 3 items

tests/core/test_default_tokenizer.py [32m.[0m[32m.[0m[32m.[0m[32m                                 [100%][0m

----------- coverage: platform linux, python 3.6.8-final-0 -----------
Name                              Stmts   Miss  Cover   Missing
---------------------------------------------------------------
latok/__init__.py                     3      0   100%
latok/core/__init__.py                0      0   100%
latok/core/constants.py              27      0   100%
latok/core/default_tokenizer.py     152     13    91%   368, 374, 379, 386, 389, 399-400, 404, 413, 429, 440, 469-471
latok/core/latok_utils.py           110     18    84%   17, 56, 129, 135, 141, 194, 245-250, 252-257
latok/core/offsets.py                66      0   100%
---------------------------------------------------------------
TOTAL                               358     31    91%

[32mRequired test coverage of 40% reached. Total coverage: 91.34%
[0m
========================== slowest 10 test durations ===========================
0.01s call     tests/core/test_default_tokenizer.py::test_default_tokenization_expectations2

(0.00 durations hidden.  Use -vv to show these durations.)
[32m============================== [32m[1m3 passed[0m[32m in 3.09s[0m[32m ===============================[0m
